<?xml version="1.0" encoding="UTF-8"?>
<testsuite xmlns:xsi="http://www.w3.org/2001/XMLSchema-instance" xsi:noNamespaceSchemaLocation="https://maven.apache.org/surefire/maven-surefire-plugin/xsd/surefire-test-report-3.0.xsd" version="3.0" name="egovframework.guide.helloworld.HelloWorldServiceTest" time="0.635" tests="1" errors="0" skipped="0" failures="0">
  <properties>
    <property name="sun.desktop" value="windows"/>
    <property name="awt.toolkit" value="sun.awt.windows.WToolkit"/>
    <property name="file.encoding.pkg" value="sun.io"/>
    <property name="java.specification.version" value="1.8"/>
    <property name="sun.cpu.isalist" value="amd64"/>
    <property name="sun.jnu.encoding" value="MS949"/>
    <property name="java.class.path" value="C:\eGovFrame-4.3.0\workspace-edu\lab103\target\test-classes;C:\eGovFrame-4.3.0\workspace-edu\lab103\target\classes;C:\eGovFrame-4.3.0\maven\repository\org\egovframe\rte\org.egovframe.rte.fdl.cmmn\4.3.0\org.egovframe.rte.fdl.cmmn-4.3.0.jar;C:\eGovFrame-4.3.0\maven\repository\org\egovframe\rte\org.egovframe.rte.fdl.logging\4.3.0\org.egovframe.rte.fdl.logging-4.3.0.jar;C:\eGovFrame-4.3.0\maven\repository\org\apache\logging\log4j\log4j-core\2.23.1\log4j-core-2.23.1.jar;C:\eGovFrame-4.3.0\maven\repository\org\apache\logging\log4j\log4j-api\2.23.1\log4j-api-2.23.1.jar;C:\eGovFrame-4.3.0\maven\repository\org\apache\logging\log4j\log4j-slf4j-impl\2.23.1\log4j-slf4j-impl-2.23.1.jar;C:\eGovFrame-4.3.0\maven\repository\org\slf4j\slf4j-api\1.7.36\slf4j-api-1.7.36.jar;C:\eGovFrame-4.3.0\maven\repository\org\slf4j\jcl-over-slf4j\2.0.13\jcl-over-slf4j-2.0.13.jar;C:\eGovFrame-4.3.0\maven\repository\org\slf4j\log4j-over-slf4j\2.0.13\log4j-over-slf4j-2.0.13.jar;C:\eGovFrame-4.3.0\maven\repository\javax\annotation\javax.annotation-api\1.3.2\javax.annotation-api-1.3.2.jar;C:\eGovFrame-4.3.0\maven\repository\org\springframework\spring-context-support\5.3.37\spring-context-support-5.3.37.jar;C:\eGovFrame-4.3.0\maven\repository\org\springframework\spring-beans\5.3.37\spring-beans-5.3.37.jar;C:\eGovFrame-4.3.0\maven\repository\org\springframework\spring-context\5.3.37\spring-context-5.3.37.jar;C:\eGovFrame-4.3.0\maven\repository\org\springframework\spring-aop\5.3.37\spring-aop-5.3.37.jar;C:\eGovFrame-4.3.0\maven\repository\org\springframework\spring-expression\5.3.37\spring-expression-5.3.37.jar;C:\eGovFrame-4.3.0\maven\repository\org\springframework\spring-tx\5.3.37\spring-tx-5.3.37.jar;C:\eGovFrame-4.3.0\maven\repository\org\aspectj\aspectjweaver\1.9.22.1\aspectjweaver-1.9.22.1.jar;C:\eGovFrame-4.3.0\maven\repository\org\aspectj\aspectjrt\1.9.22.1\aspectjrt-1.9.22.1.jar;C:\eGovFrame-4.3.0\maven\repository\org\apache\commons\commons-lang3\3.14.0\commons-lang3-3.14.0.jar;C:\eGovFrame-4.3.0\maven\repository\org\springframework\spring-test\5.3.37\spring-test-5.3.37.jar;C:\eGovFrame-4.3.0\maven\repository\org\springframework\spring-core\5.3.37\spring-core-5.3.37.jar;C:\eGovFrame-4.3.0\maven\repository\org\springframework\spring-jcl\5.3.37\spring-jcl-5.3.37.jar;C:\eGovFrame-4.3.0\maven\repository\junit\junit\4.13.2\junit-4.13.2.jar;C:\eGovFrame-4.3.0\maven\repository\org\hamcrest\hamcrest-core\1.3\hamcrest-core-1.3.jar;"/>
    <property name="java.vm.vendor" value="Temurin"/>
    <property name="sun.arch.data.model" value="64"/>
    <property name="user.variant" value=""/>
    <property name="java.vendor.url" value="https://adoptium.net/"/>
    <property name="user.timezone" value="Asia/Seoul"/>
    <property name="java.vm.specification.version" value="1.8"/>
    <property name="os.name" value="Windows 10"/>
    <property name="user.country" value="KR"/>
    <property name="sun.java.launcher" value="SUN_STANDARD"/>
    <property name="sun.boot.library.path" value="C:\eGovFrame-4.3.0\bin\jdk8u402-b06\jre\bin"/>
    <property name="sun.java.command" value="C:\Users\jh\AppData\Local\Temp\surefire3739976682272122617\surefirebooter-20250513163907917_3.jar C:\Users\jh\AppData\Local\Temp\surefire3739976682272122617 2025-05-13T16-39-07_058-jvmRun1 surefire-20250513163907917_1tmp surefire_0-20250513163907917_2tmp"/>
    <property name="surefire.test.class.path" value="C:\eGovFrame-4.3.0\workspace-edu\lab103\target\test-classes;C:\eGovFrame-4.3.0\workspace-edu\lab103\target\classes;C:\eGovFrame-4.3.0\maven\repository\org\egovframe\rte\org.egovframe.rte.fdl.cmmn\4.3.0\org.egovframe.rte.fdl.cmmn-4.3.0.jar;C:\eGovFrame-4.3.0\maven\repository\org\egovframe\rte\org.egovframe.rte.fdl.logging\4.3.0\org.egovframe.rte.fdl.logging-4.3.0.jar;C:\eGovFrame-4.3.0\maven\repository\org\apache\logging\log4j\log4j-core\2.23.1\log4j-core-2.23.1.jar;C:\eGovFrame-4.3.0\maven\repository\org\apache\logging\log4j\log4j-api\2.23.1\log4j-api-2.23.1.jar;C:\eGovFrame-4.3.0\maven\repository\org\apache\logging\log4j\log4j-slf4j-impl\2.23.1\log4j-slf4j-impl-2.23.1.jar;C:\eGovFrame-4.3.0\maven\repository\org\slf4j\slf4j-api\1.7.36\slf4j-api-1.7.36.jar;C:\eGovFrame-4.3.0\maven\repository\org\slf4j\jcl-over-slf4j\2.0.13\jcl-over-slf4j-2.0.13.jar;C:\eGovFrame-4.3.0\maven\repository\org\slf4j\log4j-over-slf4j\2.0.13\log4j-over-slf4j-2.0.13.jar;C:\eGovFrame-4.3.0\maven\repository\javax\annotation\javax.annotation-api\1.3.2\javax.annotation-api-1.3.2.jar;C:\eGovFrame-4.3.0\maven\repository\org\springframework\spring-context-support\5.3.37\spring-context-support-5.3.37.jar;C:\eGovFrame-4.3.0\maven\repository\org\springframework\spring-beans\5.3.37\spring-beans-5.3.37.jar;C:\eGovFrame-4.3.0\maven\repository\org\springframework\spring-context\5.3.37\spring-context-5.3.37.jar;C:\eGovFrame-4.3.0\maven\repository\org\springframework\spring-aop\5.3.37\spring-aop-5.3.37.jar;C:\eGovFrame-4.3.0\maven\repository\org\springframework\spring-expression\5.3.37\spring-expression-5.3.37.jar;C:\eGovFrame-4.3.0\maven\repository\org\springframework\spring-tx\5.3.37\spring-tx-5.3.37.jar;C:\eGovFrame-4.3.0\maven\repository\org\aspectj\aspectjweaver\1.9.22.1\aspectjweaver-1.9.22.1.jar;C:\eGovFrame-4.3.0\maven\repository\org\aspectj\aspectjrt\1.9.22.1\aspectjrt-1.9.22.1.jar;C:\eGovFrame-4.3.0\maven\repository\org\apache\commons\commons-lang3\3.14.0\commons-lang3-3.14.0.jar;C:\eGovFrame-4.3.0\maven\repository\org\springframework\spring-test\5.3.37\spring-test-5.3.37.jar;C:\eGovFrame-4.3.0\maven\repository\org\springframework\spring-core\5.3.37\spring-core-5.3.37.jar;C:\eGovFrame-4.3.0\maven\repository\org\springframework\spring-jcl\5.3.37\spring-jcl-5.3.37.jar;C:\eGovFrame-4.3.0\maven\repository\junit\junit\4.13.2\junit-4.13.2.jar;C:\eGovFrame-4.3.0\maven\repository\org\hamcrest\hamcrest-core\1.3\hamcrest-core-1.3.jar;"/>
    <property name="sun.cpu.endian" value="little"/>
    <property name="user.home" value="C:\Users\jh"/>
    <property name="user.language" value="ko"/>
    <property name="java.specification.vendor" value="Oracle Corporation"/>
    <property name="java.home" value="C:\eGovFrame-4.3.0\bin\jdk8u402-b06\jre"/>
    <property name="basedir" value="C:\eGovFrame-4.3.0\workspace-edu\lab103"/>
    <property name="style.color" value="always"/>
    <property name="file.separator" value="\"/>
    <property name="line.separator" value="&#10;"/>
    <property name="java.vm.specification.vendor" value="Oracle Corporation"/>
    <property name="java.specification.name" value="Java Platform API Specification"/>
    <property name="java.awt.graphicsenv" value="sun.awt.Win32GraphicsEnvironment"/>
    <property name="surefire.real.class.path" value="C:\Users\jh\AppData\Local\Temp\surefire3739976682272122617\surefirebooter-20250513163907917_3.jar"/>
    <property name="sun.boot.class.path" value="C:\eGovFrame-4.3.0\bin\jdk8u402-b06\jre\lib\resources.jar;C:\eGovFrame-4.3.0\bin\jdk8u402-b06\jre\lib\rt.jar;C:\eGovFrame-4.3.0\bin\jdk8u402-b06\jre\lib\sunrsasign.jar;C:\eGovFrame-4.3.0\bin\jdk8u402-b06\jre\lib\jsse.jar;C:\eGovFrame-4.3.0\bin\jdk8u402-b06\jre\lib\jce.jar;C:\eGovFrame-4.3.0\bin\jdk8u402-b06\jre\lib\charsets.jar;C:\eGovFrame-4.3.0\bin\jdk8u402-b06\jre\lib\jfr.jar;C:\eGovFrame-4.3.0\bin\jdk8u402-b06\jre\classes"/>
    <property name="user.script" value=""/>
    <property name="sun.management.compiler" value="HotSpot 64-Bit Tiered Compilers"/>
    <property name="java.runtime.version" value="1.8.0_402-b06"/>
    <property name="user.name" value="jh"/>
    <property name="path.separator" value=";"/>
    <property name="os.version" value="10.0"/>
    <property name="java.endorsed.dirs" value="C:\eGovFrame-4.3.0\bin\jdk8u402-b06\jre\lib\endorsed"/>
    <property name="java.runtime.name" value="OpenJDK Runtime Environment"/>
    <property name="file.encoding" value="MS949"/>
    <property name="java.vm.name" value="OpenJDK 64-Bit Server VM"/>
    <property name="localRepository" value="C:\eGovFrame-4.3.0\maven\repository"/>
    <property name="java.vendor.url.bug" value="https://github.com/adoptium/adoptium-support/issues"/>
    <property name="java.io.tmpdir" value="C:\Users\jh\AppData\Local\Temp\"/>
    <property name="java.version" value="1.8.0_402"/>
    <property name="user.dir" value="C:\eGovFrame-4.3.0\workspace-edu\lab103"/>
    <property name="os.arch" value="amd64"/>
    <property name="java.vm.specification.name" value="Java Virtual Machine Specification"/>
    <property name="java.awt.printerjob" value="sun.awt.windows.WPrinterJob"/>
    <property name="sun.os.patch.level" value=""/>
    <property name="java.library.path" value="C:\eGovFrame-4.3.0\bin\jdk8u402-b06\jre\bin;C:\WINDOWS\Sun\Java\bin;C:\WINDOWS\system32;C:\WINDOWS;C:/eGovFrame-4.3.0/eclipse//plugins/org.eclipse.justj.openjdk.hotspot.jre.full.win32.x86_64_17.0.11.v20240426-1830/jre/bin/server;C:/eGovFrame-4.3.0/eclipse//plugins/org.eclipse.justj.openjdk.hotspot.jre.full.win32.x86_64_17.0.11.v20240426-1830/jre/bin;C:\Program Files\Common Files\Oracle\Java\javapath;C:\Program Files (x86)\Common Files\Oracle\Java\java8path;C:\Program Files (x86)\Common Files\Oracle\Java\javapath;C:\WINDOWS\system32;C:\WINDOWS;C:\WINDOWS\System32\Wbem;C:\WINDOWS\System32\WindowsPowerShell\v1.0\;C:\WINDOWS\System32\OpenSSH\;C:\Program Files\Java\jdk-17.0.15+6\bin;C:\Program Files\apache-maven-3.9.9\bin;C:\Program Files\Git\cmd;C:\Program Files\NVIDIA Corporation\NVIDIA App\NvDLISR;C:\Program Files (x86)\NVIDIA Corporation\PhysX\Common;C:\Users\jh\AppData\Local\Microsoft\WindowsApps;C:\Users\jh\AppData\Local\GitHubDesktop\bin;C:\Program Files\Java\jdk1.8.0_202\bin;;C:\eGovFrame-4.3.0\eclipse;;."/>
    <property name="java.vm.info" value="mixed mode"/>
    <property name="java.vendor" value="Temurin"/>
    <property name="java.vm.version" value="25.402-b06"/>
    <property name="java.specification.maintenance.version" value="5"/>
    <property name="java.ext.dirs" value="C:\eGovFrame-4.3.0\bin\jdk8u402-b06\jre\lib\ext;C:\WINDOWS\Sun\Java\lib\ext"/>
    <property name="sun.io.unicode.encoding" value="UnicodeLittle"/>
    <property name="java.class.version" value="52.0"/>
  </properties>
  <testcase name="sayHello" classname="egovframework.guide.helloworld.HelloWorldServiceTest" time="0.008">
    <system-out><![CDATA[2025-05-13 16:39:08,951  INFO [org.springframework.test.context.support.DefaultTestContextBootstrapper] Loaded default TestExecutionListener class names from location [META-INF/spring.factories]: [org.springframework.test.context.web.ServletTestExecutionListener, org.springframework.test.context.support.DirtiesContextBeforeModesTestExecutionListener, org.springframework.test.context.event.ApplicationEventsTestExecutionListener, org.springframework.test.context.support.DependencyInjectionTestExecutionListener, org.springframework.test.context.support.DirtiesContextTestExecutionListener, org.springframework.test.context.transaction.TransactionalTestExecutionListener, org.springframework.test.context.jdbc.SqlScriptsTestExecutionListener, org.springframework.test.context.event.EventPublishingTestExecutionListener]
2025-05-13 16:39:08,962  INFO [org.springframework.test.context.support.DefaultTestContextBootstrapper] Using TestExecutionListeners: [org.springframework.test.context.support.DirtiesContextBeforeModesTestExecutionListener@247d8ae, org.springframework.test.context.event.ApplicationEventsTestExecutionListener@48974e45, org.springframework.test.context.support.DependencyInjectionTestExecutionListener@6a84a97d, org.springframework.test.context.support.DirtiesContextTestExecutionListener@6c130c45, org.springframework.test.context.transaction.TransactionalTestExecutionListener@50ad3bc1, org.springframework.test.context.jdbc.SqlScriptsTestExecutionListener@223aa2f7, org.springframework.test.context.event.EventPublishingTestExecutionListener@6d3a388c]
]]></system-out>
  </testcase>
</testsuite>